2015-12-03 17:10:05,888: ['git', 'clone', u'https://github.com/aaSemble/python-aasemble.django.git', '-b', u'master', 'build'], input=None, cwd='/var/folders/hk/rmyjfmws1zb7b4hl99m61f340000gn/T/tmp0G37o2', override_env=None, discard_stderr=False
2015-12-03 17:10:09,852: ['git', 'clone', u'https://github.com/aaSemble/python-aasemble.django.git', '-b', u'master', 'build'] returned with returncode 0.
2015-12-03 17:10:09,852: ['git', 'clone', u'https://github.com/aaSemble/python-aasemble.django.git', '-b', u'master', 'build'] gave stdout: Cloning into 'build'...
.
2015-12-03 17:10:09,853: ['git', 'clone', u'https://github.com/aaSemble/python-aasemble.django.git', '-b', u'master', 'build'] gave stderr: None.
2015-12-03 17:10:09,853: ['git', 'rev-parse', 'HEAD'], input=None, cwd='/var/folders/hk/rmyjfmws1zb7b4hl99m61f340000gn/T/tmp0G37o2/build', override_env=None, discard_stderr=False
2015-12-03 17:10:09,861: ['git', 'rev-parse', 'HEAD'] returned with returncode 0.
2015-12-03 17:10:09,861: ['git', 'rev-parse', 'HEAD'] gave stdout: 0e542e07036227ac8bda06e196e045cf77629f22
.
2015-12-03 17:10:09,862: ['git', 'rev-parse', 'HEAD'] gave stderr: None.
2015-12-03 17:10:09,883: Using <class 'aasemble.django.apps.buildsvc.pkgbuild.python.PythonBuilder'> to build
2015-12-03 17:10:09,883: ['python', 'setup.py', '--version'], input=None, cwd='/var/folders/hk/rmyjfmws1zb7b4hl99m61f340000gn/T/tmp0G37o2/build', override_env=None, discard_stderr=True
2015-12-03 17:10:10,019: ['python', 'setup.py', '--version'] returned with returncode 0.
2015-12-03 17:10:10,019: ['python', 'setup.py', '--version'] gave stdout: 0.1a0
.
2015-12-03 17:10:10,019: ['python', 'setup.py', '--version'] gave stderr: /Users/mayankkapoor/Dropbox/01Jio/02code/aaSemble_django/env/lib/python2.7/site-packages/setuptools/dist.py:283: UserWarning: The version specified requires normalization, consider using '0.1a0' instead of '0.1a'.
  self.metadata.version,
.
2015-12-03 17:10:10,022: ['python', 'setup.py', '--name'], input=None, cwd='/var/folders/hk/rmyjfmws1zb7b4hl99m61f340000gn/T/tmp0G37o2/build', override_env=None, discard_stderr=True
2015-12-03 17:10:10,167: ['python', 'setup.py', '--name'] returned with returncode 0.
2015-12-03 17:10:10,168: ['python', 'setup.py', '--name'] gave stdout: aasemble.django
.
2015-12-03 17:10:10,168: ['python', 'setup.py', '--name'] gave stderr: /Users/mayankkapoor/Dropbox/01Jio/02code/aaSemble_django/env/lib/python2.7/site-packages/setuptools/dist.py:283: UserWarning: The version specified requires normalization, consider using '0.1a0' instead of '0.1a'.
  self.metadata.version,
.
2015-12-03 17:10:10,171: Detecting Build dependencies
2015-12-03 17:10:10,171: Build dependencies: python-all, dh-python, python-setuptools, python-all-dev
2015-12-03 17:10:10,172: Detecting run-time dependencies
2015-12-03 17:10:10,172: Runtime dependencies: ${python:Depends}
2015-12-03 17:10:10,172: Populating debian dir
2015-12-03 17:10:10,172: ['python', 'setup.py', '--name'], input=None, cwd='/var/folders/hk/rmyjfmws1zb7b4hl99m61f340000gn/T/tmp0G37o2/build', override_env=None, discard_stderr=True
2015-12-03 17:10:10,322: ['python', 'setup.py', '--name'] returned with returncode 0.
2015-12-03 17:10:10,322: ['python', 'setup.py', '--name'] gave stdout: aasemble.django
.
2015-12-03 17:10:10,322: ['python', 'setup.py', '--name'] gave stderr: /Users/mayankkapoor/Dropbox/01Jio/02code/aaSemble_django/env/lib/python2.7/site-packages/setuptools/dist.py:283: UserWarning: The version specified requires normalization, consider using '0.1a0' instead of '0.1a'.
  self.metadata.version,
.
2015-12-03 17:10:10,323: Processing /Users/mayankkapoor/Dropbox/01Jio/02code/aaSemble_django/python-aasemble.django/aasemble/django/apps/buildsvc/pkgbuild/../templates/buildsvc/debian
2015-12-03 17:10:10,326: ['python', 'setup.py', '--name'], input=None, cwd='/var/folders/hk/rmyjfmws1zb7b4hl99m61f340000gn/T/tmp0G37o2/build', override_env=None, discard_stderr=True
2015-12-03 17:10:10,468: ['python', 'setup.py', '--name'] returned with returncode 0.
2015-12-03 17:10:10,468: ['python', 'setup.py', '--name'] gave stdout: aasemble.django
.
2015-12-03 17:10:10,468: ['python', 'setup.py', '--name'] gave stderr: /Users/mayankkapoor/Dropbox/01Jio/02code/aaSemble_django/env/lib/python2.7/site-packages/setuptools/dist.py:283: UserWarning: The version specified requires normalization, consider using '0.1a0' instead of '0.1a'.
  self.metadata.version,
.
2015-12-03 17:10:10,472: ['python', 'setup.py', '--name'], input=None, cwd='/var/folders/hk/rmyjfmws1zb7b4hl99m61f340000gn/T/tmp0G37o2/build', override_env=None, discard_stderr=True
2015-12-03 17:10:10,620: ['python', 'setup.py', '--name'] returned with returncode 0.
2015-12-03 17:10:10,620: ['python', 'setup.py', '--name'] gave stdout: aasemble.django
.
2015-12-03 17:10:10,620: ['python', 'setup.py', '--name'] gave stderr: /Users/mayankkapoor/Dropbox/01Jio/02code/aaSemble_django/env/lib/python2.7/site-packages/setuptools/dist.py:283: UserWarning: The version specified requires normalization, consider using '0.1a0' instead of '0.1a'.
  self.metadata.version,
.
2015-12-03 17:10:10,621: ['python', 'setup.py', '--version'], input=None, cwd='/var/folders/hk/rmyjfmws1zb7b4hl99m61f340000gn/T/tmp0G37o2/build', override_env=None, discard_stderr=True
2015-12-03 17:10:10,757: ['python', 'setup.py', '--version'] returned with returncode 0.
2015-12-03 17:10:10,757: ['python', 'setup.py', '--version'] gave stdout: 0.1a0
.
2015-12-03 17:10:10,757: ['python', 'setup.py', '--version'] gave stderr: /Users/mayankkapoor/Dropbox/01Jio/02code/aaSemble_django/env/lib/python2.7/site-packages/setuptools/dist.py:283: UserWarning: The version specified requires normalization, consider using '0.1a0' instead of '0.1a'.
  self.metadata.version,
.
2015-12-03 17:10:10,759: New changelog entry: aasemble.django (0.1a0+1) aasemble; urgency=medium

  * Automatically built.
    SHA: 

 -- aaSemble Package Builder <pkgbuild@aasemble.com>  Thu, 03 Dec 2015 17:10:10 +0000


Starting source Package Build
